2025-06-25 16:04:02,286 - INFO - sent startApi
2025-06-25 16:04:02,286 - INFO - REQUEST startApi {}
2025-06-25 16:04:02,287 - INFO - SENDING startApi b'\x00\x00\x00\x0871\x002\x001\x00\x00'
2025-06-25 16:04:02,287 - INFO - ANSWER connectAck {}
2025-06-25 16:04:02,292 - INFO - ANSWER managedAccounts {'accountsList': 'DUM970744'}
2025-06-25 16:04:02,292 - INFO - Next valid order ID: 1
2025-06-25 16:04:02,292 - INFO - INFO 2104: Market data farm connection is OK:usfarm
2025-06-25 16:04:02,292 - INFO - INFO 2106: HMDS data farm connection is OK:ushmds
2025-06-25 16:04:02,293 - INFO - INFO 2158: Sec-def data farm connection is OK:secdefil
2025-06-25 16:04:04,298 - INFO - REQUEST reqPositions {}
2025-06-25 16:04:04,298 - INFO - SENDING reqPositions b'\x00\x00\x00\x0561\x001\x00'
2025-06-25 16:04:04,301 - INFO - Position data complete
2025-06-25 16:04:04,305 - INFO - REQUEST placeOrder {'orderId': 1, 'contract': 2053666696560: 0,AAPL,STK,,0.0,,,SMART,,USD,,,False,,combo:, 'order': 2053666696704: 0,0,0: MKT BUY 1@179769313486231570814527423731704356798070567525844996598917476803157260780028538760589558632766878171540458953514382464234321326889464182768467546703537516986049910576551282076245490090389328944075868508455133942304583236903222948165808559332123348274797826204144723168738177180919299881250404026184124858368.000000 }
2025-06-25 16:04:04,306 - INFO - SENDING placeOrder b'\x00\x00\x0143\x001\x000\x00AAPL\x00STK\x00\x000.0\x00\x00\x00SMART\x00\x00USD\x00\x00\x00\x00\x00BUY\x001\x00MKT\x00\x00\x00\x00\x00\x00\x000\x00\x001\x000\x000\x000\x000\x000\x000\x000\x00\x000\x00\x00\x00\x00\x00\x00\x00\x000\x00\x00-1\x000\x00\x00\x000\x00\x00\x001\x001\x00\x000\x00\x00\x00\x00\x00\x000\x00\x00\x00\x00\x000\x00\x00\x00\x00\x00\x00\x00\x00\x00\x00\x000\x00\x00\x000\x000\x00\x00\x000\x00\x000\x000\x000\x000\x00\x001.7976931348623157e+308\x001.7976931348623157e+308\x001.7976931348623157e+308\x001.7976931348623157e+308\x001.7976931348623157e+308\x000\x00\x00\x00\x001.7976931348623157e+308\x00\x00\x00\x00\x000\x000\x000\x00\x00'
2025-06-25 16:04:04,309 - ERROR - CRITICAL ERROR 10268: The 'EtradeOnly' order attribute is not supported.
2025-06-25 16:04:07,308 - INFO - REQUEST placeOrder {'orderId': 2, 'contract': 2053666696848: 0,MSFT,STK,,0.0,,,SMART,,USD,,,False,,combo:, 'order': 2053666696944: 0,0,0: LMT BUY 1@250.000000 }
2025-06-25 16:04:07,309 - INFO - SENDING placeOrder b'\x00\x00\x0193\x002\x000\x00MSFT\x00STK\x00\x000.0\x00\x00\x00SMART\x00\x00USD\x00\x00\x00\x00\x00BUY\x001\x00LMT\x00250.0\x00\x00\x00\x00\x00\x000\x00\x001\x000\x000\x000\x000\x000\x000\x000\x00\x000\x00\x00\x00\x00\x00\x00\x00\x000\x00\x00-1\x000\x00\x00\x000\x00\x00\x001\x001\x00\x000\x00\x00\x00\x00\x00\x000\x00\x00\x00\x00\x000\x00\x00\x00\x00\x00\x00\x00\x00\x00\x00\x000\x00\x00\x000\x000\x00\x00\x000\x00\x000\x000\x000\x000\x00\x001.7976931348623157e+308\x001.7976931348623157e+308\x001.7976931348623157e+308\x001.7976931348623157e+308\x001.7976931348623157e+308\x000\x00\x00\x00\x001.7976931348623157e+308\x00\x00\x00\x00\x000\x000\x000\x00\x00'
2025-06-25 16:04:07,311 - ERROR - CRITICAL ERROR 10268: The 'EtradeOnly' order attribute is not supported.
2025-06-25 16:04:15,336 - INFO - REQUEST reqPositions {}
2025-06-25 16:04:15,337 - INFO - SENDING reqPositions b'\x00\x00\x00\x0561\x001\x00'
2025-06-25 16:04:15,340 - INFO - Position data complete
2025-06-25 16:04:15,344 - INFO - disconnecting
2025-06-25 16:04:15,344 - INFO - ANSWER connectionClosed {}
