2025-06-25 15:57:00,674 - INFO - Starting Interactive Brokers API connection...
2025-06-25 15:57:00,675 - INFO - Make sure TWS or IB Gateway is running and API is enabled!
2025-06-25 15:57:00,680 - INFO - sent startApi
2025-06-25 15:57:00,681 - INFO - REQUEST startApi {}
2025-06-25 15:57:00,681 - INFO - SENDING startApi b'\x00\x00\x00\x0871\x002\x001\x00\x00'
2025-06-25 15:57:00,682 - INFO - ANSWER connectAck {}
2025-06-25 15:57:00,682 - INFO - Connecting to 127.0.0.1:4001 with client ID 1
2025-06-25 15:57:00,684 - INFO - ANSWER managedAccounts {'accountsList': 'DUM970744'}
2025-06-25 15:57:00,685 - INFO - Connected! Next valid order ID: 1
2025-06-25 15:57:00,685 - INFO - Requesting historical data for AAPL...
2025-06-25 15:57:00,687 - INFO - REQUEST reqHistoricalData {'reqId': 1, 'contract': 2319822609168: 0,AAPL,STK,,0.0,,,SMART,,USD,,,False,,combo:, 'endDateTime': '20250625 14:57:00 UTC', 'durationStr': '30 D', 'barSizeSetting': '1 day', 'whatToShow': 'TRADES', 'useRTH': 1, 'formatDate': 1, 'keepUpToDate': False, 'chartOptions': []}
2025-06-25 15:57:00,687 - INFO - SENDING reqHistoricalData b'\x00\x00\x00U20\x001\x000\x00AAPL\x00STK\x00\x000.0\x00\x00\x00SMART\x00\x00USD\x00\x00\x000\x0020250625 14:57:00 UTC\x001 day\x0030 D\x001\x00TRADES\x001\x000\x00\x00'
2025-06-25 15:57:00,687 - INFO - IB Status 2104: Market data farm connection is OK:usfarm
2025-06-25 15:57:00,688 - INFO - IB Status 2106: HMDS data farm connection is OK:ushmds
2025-06-25 15:57:00,688 - INFO - IB Status 2158: Sec-def data farm connection is OK:secdefil
2025-06-25 15:57:01,090 - WARNING - IB Warning 2176: Warning: Your API version does not support fractional share size rules. Please upgrade to a minimum version 163. Trimmed value 279735.94 to 279735
2025-06-25 15:57:01,094 - INFO - Received: 20250513 - Close: 212.93
2025-06-25 15:57:01,094 - INFO - Received: 20250514 - Close: 212.33
2025-06-25 15:57:01,095 - INFO - Received: 20250515 - Close: 211.45
2025-06-25 15:57:01,095 - INFO - Received: 20250516 - Close: 211.26
2025-06-25 15:57:01,095 - INFO - Received: 20250519 - Close: 208.78
2025-06-25 15:57:01,096 - INFO - Received: 20250520 - Close: 206.86
2025-06-25 15:57:01,096 - INFO - Received: 20250521 - Close: 202.09
2025-06-25 15:57:01,096 - INFO - Received: 20250522 - Close: 201.36
2025-06-25 15:57:01,097 - INFO - Received: 20250523 - Close: 195.27
2025-06-25 15:57:01,097 - INFO - Received: 20250527 - Close: 200.21
2025-06-25 15:57:01,097 - INFO - Received: 20250528 - Close: 200.42
2025-06-25 15:57:01,098 - INFO - Received: 20250529 - Close: 199.95
2025-06-25 15:57:01,098 - INFO - Received: 20250530 - Close: 200.85
2025-06-25 15:57:01,098 - INFO - Received: 20250602 - Close: 201.7
2025-06-25 15:57:01,098 - INFO - Received: 20250603 - Close: 203.27
2025-06-25 15:57:01,099 - INFO - Received: 20250604 - Close: 202.82
2025-06-25 15:57:01,099 - INFO - Received: 20250605 - Close: 200.63
2025-06-25 15:57:01,099 - INFO - Received: 20250606 - Close: 203.92
2025-06-25 15:57:01,100 - INFO - Received: 20250609 - Close: 201.45
2025-06-25 15:57:01,100 - INFO - Received: 20250610 - Close: 202.67
2025-06-25 15:57:01,100 - INFO - Received: 20250611 - Close: 198.78
2025-06-25 15:57:01,100 - INFO - Received: 20250612 - Close: 199.2
2025-06-25 15:57:01,100 - INFO - Received: 20250613 - Close: 196.45
2025-06-25 15:57:01,101 - INFO - Received: 20250616 - Close: 198.42
2025-06-25 15:57:01,101 - INFO - Received: 20250617 - Close: 195.64
2025-06-25 15:57:01,101 - INFO - Received: 20250618 - Close: 196.58
2025-06-25 15:57:01,101 - INFO - Received: 20250620 - Close: 201.0
2025-06-25 15:57:01,101 - INFO - Received: 20250623 - Close: 201.5
2025-06-25 15:57:01,102 - INFO - Received: 20250624 - Close: 200.3
2025-06-25 15:57:01,102 - INFO - Received: 20250625 - Close: 202.83
2025-06-25 15:57:01,102 - INFO - Historical data request complete. Received 30 bars.
2025-06-25 15:57:02,685 - INFO - Successfully received 30 historical data points!
2025-06-25 15:57:02,687 - INFO - disconnecting
2025-06-25 15:57:02,687 - INFO - ANSWER connectionClosed {}
2025-06-25 15:57:02,688 - INFO - Disconnected from TWS/Gateway
2025-06-25 15:57:45,346 - INFO - Starting Interactive Brokers API connection...
2025-06-25 15:57:45,346 - INFO - Make sure TWS or IB Gateway is running and API is enabled!
2025-06-25 15:57:45,354 - INFO - sent startApi
2025-06-25 15:57:45,354 - INFO - REQUEST startApi {}
2025-06-25 15:57:45,354 - INFO - SENDING startApi b'\x00\x00\x00\x0871\x002\x001\x00\x00'
2025-06-25 15:57:45,354 - INFO - ANSWER connectAck {}
2025-06-25 15:57:45,355 - INFO - Connecting to 127.0.0.1:4001 with client ID 1
2025-06-25 15:57:45,359 - INFO - ANSWER managedAccounts {'accountsList': 'DUM970744'}
2025-06-25 15:57:45,361 - INFO - Connected! Next valid order ID: 1
2025-06-25 15:57:45,361 - INFO - Requesting historical data for AAPL...
2025-06-25 15:57:45,361 - INFO - REQUEST reqHistoricalData {'reqId': 1, 'contract': 1478622632720: 0,AAPL,STK,,0.0,,,SMART,,USD,,,False,,combo:, 'endDateTime': '20250625 14:57:45 UTC', 'durationStr': '30 D', 'barSizeSetting': '1 day', 'whatToShow': 'TRADES', 'useRTH': 1, 'formatDate': 1, 'keepUpToDate': False, 'chartOptions': []}
2025-06-25 15:57:45,361 - INFO - SENDING reqHistoricalData b'\x00\x00\x00U20\x001\x000\x00AAPL\x00STK\x00\x000.0\x00\x00\x00SMART\x00\x00USD\x00\x00\x000\x0020250625 14:57:45 UTC\x001 day\x0030 D\x001\x00TRADES\x001\x000\x00\x00'
2025-06-25 15:57:45,362 - INFO - IB Status 2104: Market data farm connection is OK:usfarm
2025-06-25 15:57:45,362 - INFO - IB Status 2106: HMDS data farm connection is OK:ushmds
2025-06-25 15:57:45,363 - INFO - IB Status 2158: Sec-def data farm connection is OK:secdefil
2025-06-25 15:57:45,762 - WARNING - IB Warning 2176: Warning: Your API version does not support fractional share size rules. Please upgrade to a minimum version 163. Trimmed value 279735.94 to 279735
2025-06-25 15:57:45,765 - INFO - Received: 20250513 - Close: 212.93
2025-06-25 15:57:45,766 - INFO - Received: 20250514 - Close: 212.33
2025-06-25 15:57:45,767 - INFO - Received: 20250515 - Close: 211.45
2025-06-25 15:57:45,768 - INFO - Received: 20250516 - Close: 211.26
2025-06-25 15:57:45,769 - INFO - Received: 20250519 - Close: 208.78
2025-06-25 15:57:45,769 - INFO - Received: 20250520 - Close: 206.86
2025-06-25 15:57:45,770 - INFO - Received: 20250521 - Close: 202.09
2025-06-25 15:57:45,770 - INFO - Received: 20250522 - Close: 201.36
2025-06-25 15:57:45,770 - INFO - Received: 20250523 - Close: 195.27
2025-06-25 15:57:45,771 - INFO - Received: 20250527 - Close: 200.21
2025-06-25 15:57:45,771 - INFO - Received: 20250528 - Close: 200.42
2025-06-25 15:57:45,772 - INFO - Received: 20250529 - Close: 199.95
2025-06-25 15:57:45,772 - INFO - Received: 20250530 - Close: 200.85
2025-06-25 15:57:45,772 - INFO - Received: 20250602 - Close: 201.7
2025-06-25 15:57:45,773 - INFO - Received: 20250603 - Close: 203.27
2025-06-25 15:57:45,773 - INFO - Received: 20250604 - Close: 202.82
2025-06-25 15:57:45,773 - INFO - Received: 20250605 - Close: 200.63
2025-06-25 15:57:45,773 - INFO - Received: 20250606 - Close: 203.92
2025-06-25 15:57:45,774 - INFO - Received: 20250609 - Close: 201.45
2025-06-25 15:57:45,774 - INFO - Received: 20250610 - Close: 202.67
2025-06-25 15:57:45,774 - INFO - Received: 20250611 - Close: 198.78
2025-06-25 15:57:45,775 - INFO - Received: 20250612 - Close: 199.2
2025-06-25 15:57:45,775 - INFO - Received: 20250613 - Close: 196.45
2025-06-25 15:57:45,776 - INFO - Received: 20250616 - Close: 198.42
2025-06-25 15:57:45,776 - INFO - Received: 20250617 - Close: 195.64
2025-06-25 15:57:45,776 - INFO - Received: 20250618 - Close: 196.58
2025-06-25 15:57:45,777 - INFO - Received: 20250620 - Close: 201.0
2025-06-25 15:57:45,777 - INFO - Received: 20250623 - Close: 201.5
2025-06-25 15:57:45,777 - INFO - Received: 20250624 - Close: 200.3
2025-06-25 15:57:45,777 - INFO - Received: 20250625 - Close: 202.78
2025-06-25 15:57:45,778 - INFO - Historical data request complete. Received 30 bars.
2025-06-25 15:57:47,359 - INFO - Successfully received 30 historical data points!
2025-06-25 15:57:47,361 - INFO - disconnecting
2025-06-25 15:57:47,362 - INFO - ANSWER connectionClosed {}
2025-06-25 15:57:47,362 - INFO - Disconnected from TWS/Gateway
