2025-06-25 16:02:40,605 - INFO - sent startApi
2025-06-25 16:02:40,605 - INFO - REQUEST startApi {}
2025-06-25 16:02:40,606 - INFO - SENDING startApi b'\x00\x00\x00\x0871\x002\x001\x00\x00'
2025-06-25 16:02:40,606 - INFO - ANSWER connectAck {}
2025-06-25 16:02:40,610 - INFO - ANSWER managedAccounts {'accountsList': 'DUM970744'}
2025-06-25 16:02:40,611 - INFO - Next valid order ID: 1
2025-06-25 16:02:40,611 - INFO - INFO 2104: Market data farm connection is OK:usfarm
2025-06-25 16:02:40,612 - INFO - INFO 2106: HMDS data farm connection is OK:ushmds
2025-06-25 16:02:40,612 - INFO - INFO 2158: Sec-def data farm connection is OK:secdefil
2025-06-25 16:02:42,619 - INFO - REQUEST reqPositions {}
2025-06-25 16:02:42,619 - INFO - SENDING reqPositions b'\x00\x00\x00\x0561\x001\x00'
2025-06-25 16:02:42,621 - INFO - Position data complete
2025-06-25 16:02:42,624 - INFO - REQUEST placeOrder {'orderId': 1, 'contract': 2166117363776: 0,AAPL,STK,,0.0,,,SMART,,USD,,,False,,combo:, 'order': 2166117363920: 0,0,0: MKT BUY 1@179769313486231570814527423731704356798070567525844996598917476803157260780028538760589558632766878171540458953514382464234321326889464182768467546703537516986049910576551282076245490090389328944075868508455133942304583236903222948165808559332123348274797826204144723168738177180919299881250404026184124858368.000000 }
2025-06-25 16:02:42,624 - INFO - SENDING placeOrder b'\x00\x00\x0143\x001\x000\x00AAPL\x00STK\x00\x000.0\x00\x00\x00SMART\x00\x00USD\x00\x00\x00\x00\x00BUY\x001\x00MKT\x00\x00\x00\x00\x00\x00\x000\x00\x001\x000\x000\x000\x000\x000\x000\x000\x00\x000\x00\x00\x00\x00\x00\x00\x00\x000\x00\x00-1\x000\x00\x00\x000\x00\x00\x001\x001\x00\x000\x00\x00\x00\x00\x00\x000\x00\x00\x00\x00\x000\x00\x00\x00\x00\x00\x00\x00\x00\x00\x00\x000\x00\x00\x000\x000\x00\x00\x000\x00\x000\x000\x000\x000\x00\x001.7976931348623157e+308\x001.7976931348623157e+308\x001.7976931348623157e+308\x001.7976931348623157e+308\x001.7976931348623157e+308\x000\x00\x00\x00\x001.7976931348623157e+308\x00\x00\x00\x00\x000\x000\x000\x00\x00'
2025-06-25 16:02:42,627 - ERROR - CRITICAL ERROR 10268: The 'EtradeOnly' order attribute is not supported.
2025-06-25 16:02:45,639 - INFO - REQUEST placeOrder {'orderId': 2, 'contract': 2166117364736: 0,MSFT,STK,,0.0,,,SMART,,USD,,,False,,combo:, 'order': 2166117364880: 0,0,0: LMT BUY 1@250.000000 }
2025-06-25 16:02:45,640 - INFO - SENDING placeOrder b'\x00\x00\x0193\x002\x000\x00MSFT\x00STK\x00\x000.0\x00\x00\x00SMART\x00\x00USD\x00\x00\x00\x00\x00BUY\x001\x00LMT\x00250.0\x00\x00\x00\x00\x00\x000\x00\x001\x000\x000\x000\x000\x000\x000\x000\x00\x000\x00\x00\x00\x00\x00\x00\x00\x000\x00\x00-1\x000\x00\x00\x000\x00\x00\x001\x001\x00\x000\x00\x00\x00\x00\x00\x000\x00\x00\x00\x00\x000\x00\x00\x00\x00\x00\x00\x00\x00\x00\x00\x000\x00\x00\x000\x000\x00\x00\x000\x00\x000\x000\x000\x000\x00\x001.7976931348623157e+308\x001.7976931348623157e+308\x001.7976931348623157e+308\x001.7976931348623157e+308\x001.7976931348623157e+308\x000\x00\x00\x00\x001.7976931348623157e+308\x00\x00\x00\x00\x000\x000\x000\x00\x00'
2025-06-25 16:02:45,643 - ERROR - CRITICAL ERROR 10268: The 'EtradeOnly' order attribute is not supported.
2025-06-25 16:02:53,661 - INFO - REQUEST reqPositions {}
2025-06-25 16:02:53,661 - INFO - SENDING reqPositions b'\x00\x00\x00\x0561\x001\x00'
2025-06-25 16:02:53,663 - INFO - Position data complete
2025-06-25 16:02:53,665 - INFO - disconnecting
2025-06-25 16:02:53,665 - INFO - ANSWER connectionClosed {}
2025-06-25 16:10:19,717 - INFO - sent startApi
2025-06-25 16:10:19,718 - INFO - REQUEST startApi {}
2025-06-25 16:10:19,718 - INFO - SENDING startApi b'\x00\x00\x00\x0871\x002\x001\x00\x00'
2025-06-25 16:10:19,718 - INFO - ANSWER connectAck {}
2025-06-25 16:10:19,721 - INFO - ANSWER managedAccounts {'accountsList': 'DUM970744'}
2025-06-25 16:10:19,722 - INFO - Next valid order ID: 1
2025-06-25 16:10:19,722 - INFO - INFO 2104: Market data farm connection is OK:usfarm
2025-06-25 16:10:19,722 - ERROR - ERROR 2107: HMDS data farm connection is inactive but should be available upon demand.ushmds
2025-06-25 16:10:19,722 - INFO - INFO 2158: Sec-def data farm connection is OK:secdefil
2025-06-25 16:10:21,725 - INFO - REQUEST reqPositions {}
2025-06-25 16:10:21,725 - INFO - SENDING reqPositions b'\x00\x00\x00\x0561\x001\x00'
2025-06-25 16:10:21,728 - INFO - Position data complete
2025-06-25 16:10:21,732 - INFO - REQUEST placeOrder {'orderId': 1, 'contract': 2740239855680: 0,AAPL,STK,,0.0,,,SMART,,USD,,,False,,combo:, 'order': 2740239855824: 0,0,0: MKT BUY 1@179769313486231570814527423731704356798070567525844996598917476803157260780028538760589558632766878171540458953514382464234321326889464182768467546703537516986049910576551282076245490090389328944075868508455133942304583236903222948165808559332123348274797826204144723168738177180919299881250404026184124858368.000000 }
2025-06-25 16:10:21,733 - INFO - SENDING placeOrder b'\x00\x00\x0143\x001\x000\x00AAPL\x00STK\x00\x000.0\x00\x00\x00SMART\x00\x00USD\x00\x00\x00\x00\x00BUY\x001\x00MKT\x00\x00\x00\x00\x00\x00\x000\x00\x001\x000\x000\x000\x000\x000\x000\x000\x00\x000\x00\x00\x00\x00\x00\x00\x00\x000\x00\x00-1\x000\x00\x00\x000\x00\x00\x001\x001\x00\x000\x00\x00\x00\x00\x00\x000\x00\x00\x00\x00\x000\x00\x00\x00\x00\x00\x00\x00\x00\x00\x00\x000\x00\x00\x000\x000\x00\x00\x000\x00\x000\x000\x000\x000\x00\x001.7976931348623157e+308\x001.7976931348623157e+308\x001.7976931348623157e+308\x001.7976931348623157e+308\x001.7976931348623157e+308\x000\x00\x00\x00\x001.7976931348623157e+308\x00\x00\x00\x00\x000\x000\x000\x00\x00'
2025-06-25 16:10:21,736 - ERROR - CRITICAL ERROR 10268: The 'EtradeOnly' order attribute is not supported.
2025-06-25 16:10:24,750 - INFO - REQUEST placeOrder {'orderId': 2, 'contract': 2740239856640: 0,MSFT,STK,,0.0,,,SMART,,USD,,,False,,combo:, 'order': 2740239856976: 0,0,0: LMT BUY 1@250.000000 }
2025-06-25 16:10:24,751 - INFO - SENDING placeOrder b'\x00\x00\x0193\x002\x000\x00MSFT\x00STK\x00\x000.0\x00\x00\x00SMART\x00\x00USD\x00\x00\x00\x00\x00BUY\x001\x00LMT\x00250.0\x00\x00\x00\x00\x00\x000\x00\x001\x000\x000\x000\x000\x000\x000\x000\x00\x000\x00\x00\x00\x00\x00\x00\x00\x000\x00\x00-1\x000\x00\x00\x000\x00\x00\x001\x001\x00\x000\x00\x00\x00\x00\x00\x000\x00\x00\x00\x00\x000\x00\x00\x00\x00\x00\x00\x00\x00\x00\x00\x000\x00\x00\x000\x000\x00\x00\x000\x00\x000\x000\x000\x000\x00\x001.7976931348623157e+308\x001.7976931348623157e+308\x001.7976931348623157e+308\x001.7976931348623157e+308\x001.7976931348623157e+308\x000\x00\x00\x00\x001.7976931348623157e+308\x00\x00\x00\x00\x000\x000\x000\x00\x00'
2025-06-25 16:10:24,753 - ERROR - CRITICAL ERROR 10268: The 'EtradeOnly' order attribute is not supported.
2025-06-25 16:10:32,771 - INFO - REQUEST reqPositions {}
2025-06-25 16:10:32,771 - INFO - SENDING reqPositions b'\x00\x00\x00\x0561\x001\x00'
2025-06-25 16:10:32,774 - INFO - Position data complete
2025-06-25 16:10:32,778 - INFO - disconnecting
2025-06-25 16:10:32,779 - INFO - ANSWER connectionClosed {}
