2025-06-25 16:01:09,886 - INFO - Starting Interactive Brokers Trading API...
2025-06-25 16:01:09,886 - INFO - Make sure TWS or IB Gateway is running and API is enabled!
2025-06-25 16:01:09,893 - INFO - sent startApi
2025-06-25 16:01:09,894 - INFO - REQUEST startApi {}
2025-06-25 16:01:09,894 - INFO - SENDING startApi b'\x00\x00\x00\x0871\x002\x001\x00\x00'
2025-06-25 16:01:09,894 - INFO - ANSWER connectAck {}
2025-06-25 16:01:09,895 - INFO - Connecting to 127.0.0.1:4001 with client ID 1
2025-06-25 16:01:09,897 - INFO - ANSWER managedAccounts {'accountsList': 'DUM970744'}
2025-06-25 16:01:09,899 - INFO - Connected! Next valid order ID: 1
2025-06-25 16:01:09,900 - INFO - REQUEST reqAccountUpdates {'subscribe': True, 'acctCode': ''}
2025-06-25 16:01:09,900 - INFO - SENDING reqAccountUpdates b'\x00\x00\x00\x076\x002\x001\x00\x00'
2025-06-25 16:01:09,900 - INFO - REQUEST reqPositions {}
2025-06-25 16:01:09,901 - INFO - SENDING reqPositions b'\x00\x00\x00\x0561\x001\x00'
2025-06-25 16:01:09,901 - INFO - IB Status 2104: Market data farm connection is OK:usfarm
2025-06-25 16:01:09,901 - INFO - IB Status 2106: HMDS data farm connection is OK:ushmds
2025-06-25 16:01:09,902 - INFO - IB Status 2158: Sec-def data farm connection is OK:secdefil
2025-06-25 16:01:09,925 - INFO - Account NetLiquidation: 250000.00 GBP
2025-06-25 16:01:09,928 - INFO - Account RealizedPnL: 0.00 BASE
2025-06-25 16:01:09,928 - INFO - Account RealizedPnL: 0.00 GBP
2025-06-25 16:01:09,929 - INFO - Account TotalCashValue: 250000.00 GBP
2025-06-25 16:01:09,930 - INFO - Account UnrealizedPnL: 0.00 BASE
2025-06-25 16:01:09,931 - INFO - Account UnrealizedPnL: 0.00 GBP
2025-06-25 16:01:09,932 - INFO - ANSWER updateAccountTime {'timeStamp': '16:00'}
2025-06-25 16:01:09,932 - INFO - ANSWER accountDownloadEnd {'accountName': 'DUM970744'}
2025-06-25 16:01:10,006 - INFO - All positions received
2025-06-25 16:01:13,409 - INFO - REQUEST placeOrder {'orderId': 1, 'contract': 2187972196720: 0,AAPL,STK,,0.0,,,SMART,,USD,,,False,,combo:, 'order': 2187972196144: 0,0,0: MKT BUY 10@179769313486231570814527423731704356798070567525844996598917476803157260780028538760589558632766878171540458953514382464234321326889464182768467546703537516986049910576551282076245490090389328944075868508455133942304583236903222948165808559332123348274797826204144723168738177180919299881250404026184124858368.000000 }
2025-06-25 16:01:13,410 - INFO - SENDING placeOrder b'\x00\x00\x0153\x001\x000\x00AAPL\x00STK\x00\x000.0\x00\x00\x00SMART\x00\x00USD\x00\x00\x00\x00\x00BUY\x0010\x00MKT\x00\x00\x00\x00\x00\x00\x000\x00\x001\x000\x000\x000\x000\x000\x000\x000\x00\x000\x00\x00\x00\x00\x00\x00\x00\x000\x00\x00-1\x000\x00\x00\x000\x00\x00\x001\x001\x00\x000\x00\x00\x00\x00\x00\x000\x00\x00\x00\x00\x000\x00\x00\x00\x00\x00\x00\x00\x00\x00\x00\x000\x00\x00\x000\x000\x00\x00\x000\x00\x000\x000\x000\x000\x00\x001.7976931348623157e+308\x001.7976931348623157e+308\x001.7976931348623157e+308\x001.7976931348623157e+308\x001.7976931348623157e+308\x000\x00\x00\x00\x001.7976931348623157e+308\x00\x00\x00\x00\x000\x000\x000\x00\x00'
2025-06-25 16:01:13,410 - INFO - Placed MKT BUY order for 10 shares of AAPL (Order ID: 1)
2025-06-25 16:01:13,411 - INFO - REQUEST placeOrder {'orderId': 2, 'contract': 2187972196144: 0,MSFT,STK,,0.0,,,SMART,,USD,,,False,,combo:, 'order': 2187972198304: 0,0,0: LMT BUY 5@300.000000 }
2025-06-25 16:01:13,411 - INFO - SENDING placeOrder b'\x00\x00\x0193\x002\x000\x00MSFT\x00STK\x00\x000.0\x00\x00\x00SMART\x00\x00USD\x00\x00\x00\x00\x00BUY\x005\x00LMT\x00300.0\x00\x00\x00\x00\x00\x000\x00\x001\x000\x000\x000\x000\x000\x000\x000\x00\x000\x00\x00\x00\x00\x00\x00\x00\x000\x00\x00-1\x000\x00\x00\x000\x00\x00\x001\x001\x00\x000\x00\x00\x00\x00\x00\x000\x00\x00\x00\x00\x000\x00\x00\x00\x00\x00\x00\x00\x00\x00\x00\x000\x00\x00\x000\x000\x00\x00\x000\x00\x000\x000\x000\x000\x00\x001.7976931348623157e+308\x001.7976931348623157e+308\x001.7976931348623157e+308\x001.7976931348623157e+308\x001.7976931348623157e+308\x000\x00\x00\x00\x001.7976931348623157e+308\x00\x00\x00\x00\x000\x000\x000\x00\x00'
2025-06-25 16:01:13,411 - INFO - Placed LMT BUY order for 5 shares of MSFT (Order ID: 2)
2025-06-25 16:01:13,412 - INFO - Limit Price: $300.00
2025-06-25 16:01:13,542 - ERROR - CRITICAL ERROR 10268: The 'EtradeOnly' order attribute is not supported.
2025-06-25 16:01:13,616 - ERROR - CRITICAL ERROR 10268: The 'EtradeOnly' order attribute is not supported.
2025-06-25 16:01:21,435 - INFO - disconnecting
2025-06-25 16:01:21,436 - INFO - ANSWER connectionClosed {}
2025-06-25 16:01:21,436 - INFO - Disconnected from TWS/Gateway
